[debug] [2024-04-12T07:14:13.122Z] ----------------------------------------------------------------------
[debug] [2024-04-12T07:14:13.125Z] Command:       C:\Program Files\nodejs\node.exe C:\Users\keyush.parwal\AppData\Roaming\npm\node_modules\firebase-tools\lib\bin\firebase.js init
[debug] [2024-04-12T07:14:13.126Z] CLI Version:   13.7.1
[debug] [2024-04-12T07:14:13.126Z] Platform:      win32
[debug] [2024-04-12T07:14:13.126Z] Node Version:  v20.12.0
[debug] [2024-04-12T07:14:13.126Z] Time:          Fri Apr 12 2024 12:44:13 GMT+0530 (India Standard Time)
[debug] [2024-04-12T07:14:13.127Z] ----------------------------------------------------------------------
[debug] 
[debug] [2024-04-12T07:14:13.137Z] > command requires scopes: ["email","openid","https://www.googleapis.com/auth/cloudplatformprojects.readonly","https://www.googleapis.com/auth/firebase","https://www.googleapis.com/auth/cloud-platform"]
[debug] [2024-04-12T07:14:13.138Z] > authorizing via signed-in user (keyushparwal1@gmail.com)
[info] 
     ######## #### ########  ######## ########     ###     ######  ########
     ##        ##  ##     ## ##       ##     ##  ##   ##  ##       ##
     ######    ##  ########  ######   ########  #########  ######  ######
     ##        ##  ##    ##  ##       ##     ## ##     ##       ## ##
     ##       #### ##     ## ######## ########  ##     ##  ######  ########

You're about to initialize a Firebase project in this directory:

  C:\Web\React\Expense-Tracker-App\expense-tracker-app

Before we get started, keep in mind:

  * You are currently outside your home directory

